<?xml version="1.0" encoding="UTF-8"?>
<testng-results ignored="0" total="2" passed="2" failed="0" skipped="0">
  <reporter-output>
  </reporter-output>
  <suite started-at="2025-06-27T11:21:02 IST" name="Master Suite" finished-at="2025-06-27T11:21:37 IST" duration-ms="34327">
    <groups>
    </groups>
    <test started-at="2025-06-27T11:21:02 IST" name="Test" finished-at="2025-06-27T11:21:37 IST" duration-ms="34327">
      <class name="testCase.TC002_LoginTest">
        <test-method is-config="true" signature="setup(java.lang.String,java.lang.String)[pri:0, instance:testCase.TC002_LoginTest@2a7f1f10]" started-at="2025-06-27T11:21:22 IST" name="setup" finished-at="2025-06-27T11:21:31 IST" duration-ms="8796" status="PASS">
          <params>
            <param index="0">
              <value>
                <![CDATA[Windows]]>
              </value>
            </param>
            <param index="1">
              <value>
                <![CDATA[chrome]]>
              </value>
            </param>
          </params>
          <reporter-output>
          </reporter-output>
        </test-method> <!-- setup -->
        <test-method signature="verify_login()[pri:0, instance:testCase.TC002_LoginTest@2a7f1f10]" started-at="2025-06-27T11:21:31 IST" name="verify_login" finished-at="2025-06-27T11:21:34 IST" duration-ms="3591" status="PASS">
          <reporter-output>
          </reporter-output>
        </test-method> <!-- verify_login -->
        <test-method is-config="true" signature="tearDown()[pri:0, instance:testCase.TC002_LoginTest@2a7f1f10]" started-at="2025-06-27T11:21:34 IST" name="tearDown" finished-at="2025-06-27T11:21:37 IST" duration-ms="2329" status="PASS">
          <reporter-output>
          </reporter-output>
        </test-method> <!-- tearDown -->
      </class> <!-- testCase.TC002_LoginTest -->
      <class name="testCase.tc01_AccountRegistrationPage">
        <test-method is-config="true" signature="setup(java.lang.String,java.lang.String)[pri:0, instance:testCase.tc01_AccountRegistrationPage@4145bad8]" started-at="2025-06-27T11:21:02 IST" name="setup" finished-at="2025-06-27T11:21:14 IST" duration-ms="11074" status="PASS">
          <params>
            <param index="0">
              <value>
                <![CDATA[Windows]]>
              </value>
            </param>
            <param index="1">
              <value>
                <![CDATA[chrome]]>
              </value>
            </param>
          </params>
          <reporter-output>
          </reporter-output>
        </test-method> <!-- setup -->
        <test-method signature="verify_account_registration()[pri:0, instance:testCase.tc01_AccountRegistrationPage@4145bad8]" started-at="2025-06-27T11:21:14 IST" name="verify_account_registration" finished-at="2025-06-27T11:21:20 IST" duration-ms="6107" status="PASS">
          <reporter-output>
          </reporter-output>
        </test-method> <!-- verify_account_registration -->
        <test-method is-config="true" signature="tearDown()[pri:0, instance:testCase.tc01_AccountRegistrationPage@4145bad8]" started-at="2025-06-27T11:21:20 IST" name="tearDown" finished-at="2025-06-27T11:21:22 IST" duration-ms="2184" status="PASS">
          <reporter-output>
          </reporter-output>
        </test-method> <!-- tearDown -->
      </class> <!-- testCase.tc01_AccountRegistrationPage -->
    </test> <!-- Test -->
  </suite> <!-- Master Suite -->
</testng-results>
